2021-09-22 17:34:05,687  INFO [main] LoginTest:30 - ****************test case started*****************
2021-09-22 17:36:34,962  INFO [main] LoginTest:28 - ****************test case started*****************
2021-09-22 17:36:44,289  INFO [main] LoginTest:35 - @@@@@@@@@@@@ Login test Started @@@@@@@@@@
2021-09-28 14:38:20,047  INFO [main] LoginTest:28 - ****************test case started*****************
2021-09-28 14:38:29,383  INFO [main] LoginTest:35 - @@@@@@@@@@@@ Login test Started @@@@@@@@@@
2021-09-28 14:45:44,350  INFO [main] LoginTest:28 - ****************test case started*****************
2021-09-28 14:45:55,162  INFO [main] LoginTest:35 - @@@@@@@@@@@@ Login test Started @@@@@@@@@@
2021-10-05 13:59:54,368  INFO [main] LoginTest:28 - ****************test case started*****************
2021-10-05 14:00:03,670  INFO [main] LoginTest:35 - @@@@@@@@@@@@ Login test Started @@@@@@@@@@
2022-01-20 16:43:07,187  INFO [main] LoginTest:28 - ****************test case started*****************
2022-01-20 16:43:11,311  INFO [main] LoginTest:35 - @@@@@@@@@@@@ Login test Started @@@@@@@@@@
2022-01-27 21:00:17,285  INFO [main] LoginTest:28 - ****************test case started*****************
2022-01-27 21:00:21,456  INFO [main] LoginTest:35 - @@@@@@@@@@@@ Login test Started @@@@@@@@@@
2022-01-27 21:01:19,535  INFO [main] LoginTest:28 - ****************test case started*****************
2022-01-27 21:01:23,805  INFO [main] LoginTest:35 - @@@@@@@@@@@@ Login test Started @@@@@@@@@@
2022-01-28 15:30:16,590  INFO [main] HomePageTest:38 - *******************Verify Home Page Title***************
2022-01-28 15:30:22,744  INFO [main] HomePageTest:45 - ***************Verify User Name in Home Page****************
2022-01-28 15:30:29,498  INFO [main] HomePageTest:51 - *********************Verify Contacts Link in Home Page******************
2022-01-28 15:37:32,714  INFO [main] ContactsPageTest:33 - ***************** Verify Contacts Page label ****************
2022-01-28 15:37:39,743  INFO [main] ContactsPageTest:39 - ************** Selecting Contact by Name ***************
2022-01-28 15:37:43,926  INFO [main] LoginTest:28 - **************** Test Case Execution started ****************
2022-01-28 15:37:43,926  INFO [main] LoginTest:29 - **************** Verify Login Page Title ****************
2022-01-28 15:37:48,441  INFO [main] LoginTest:36 - **************** Verify Log in to Cogmento CRM ****************
2022-01-28 15:37:55,172  INFO [main] HomePageTest:38 - ******************* Verify Home Page Title ***************
2022-01-28 15:38:01,149  INFO [main] HomePageTest:45 - *************** Verify User Name in Home Page ****************
2022-01-28 15:38:07,469  INFO [main] HomePageTest:51 - ********************* Verify Contacts Link in Home Page ******************
2022-01-28 17:13:20,406  INFO [main] ContactsPageTest:33 - ***************** Verify Contacts Page label ****************
2022-01-28 17:13:27,617  INFO [main] ContactsPageTest:39 - ************** Selecting Contact by Name ***************
2022-01-29 16:33:54,091  INFO [main] ContactsPageTest:38 - ***************** Verify Contacts Page label ****************
2022-01-29 16:34:01,438  INFO [main] ContactsPageTest:44 - ************** Selecting Contact by Name ***************
2022-01-29 17:43:34,909  INFO [main] ContactsPageTest:38 - ***************** Verify Contacts Page label ****************
2022-01-29 17:43:42,788  INFO [main] ContactsPageTest:44 - ************** Selecting Contact by Name ***************
2022-01-29 18:57:24,182  INFO [main] ContactsPageTest:38 - ***************** Verify Contacts Page label ****************
2022-01-29 18:57:32,399  INFO [main] ContactsPageTest:44 - ************** Selecting Contact by Name ***************
2022-01-29 19:24:13,840  INFO [main] LoginTest:28 - **************** Test Case Execution started ****************
2022-01-29 19:24:13,845  INFO [main] LoginTest:29 - **************** Verify Login Page Title ****************
2022-01-29 19:24:18,194  INFO [main] LoginTest:36 - **************** Verify Log in to Cogmento CRM ****************
2022-01-29 21:09:54,966  INFO [main] LoginTest:28 - **************** Test Case Execution started ****************
2022-01-29 21:09:54,973  INFO [main] LoginTest:29 - **************** Verify Login Page Title ****************
2022-01-29 21:09:59,538  INFO [main] LoginTest:36 - **************** Verify Log in to Cogmento CRM ****************
2022-01-29 21:35:48,165  INFO [main] LoginTest:28 - **************** Test Case Execution started ****************
2022-01-29 21:35:48,172  INFO [main] LoginTest:29 - **************** Verify Login Page Title ****************
2022-01-29 21:35:52,267  INFO [main] LoginTest:36 - **************** Verify Log in to Cogmento CRM ****************
2022-01-29 21:36:00,079  INFO [main] HomePageTest:38 - ******************* Verify Home Page Title ***************
2022-01-29 21:36:06,556  INFO [main] HomePageTest:45 - *************** Verify User Name in Home Page ****************
2022-01-29 21:36:12,893  INFO [main] HomePageTest:51 - ********************* Verify Contacts Link in Home Page ******************
2022-01-29 21:36:20,990  INFO [main] ContactsPageTest:38 - ***************** Verify Contacts Page label ****************
2022-01-29 21:36:28,502  INFO [main] ContactsPageTest:44 - ************** Selecting Contact by Name ***************
2022-01-29 21:36:29,719 DEBUG [main] cache:45 - Couldn't find template in cache for "Extent.ftl"("en_US", UTF-8, parsed); will try to load it.
2022-01-29 21:36:29,720 DEBUG [main] cache:45 - TemplateLoader.findTemplateSource("Extent_en_US.ftl"): Not found
2022-01-29 21:36:29,721 DEBUG [main] cache:45 - TemplateLoader.findTemplateSource("Extent_en.ftl"): Not found
2022-01-29 21:36:29,722 DEBUG [main] cache:45 - TemplateLoader.findTemplateSource("Extent.ftl"): Found
2022-01-29 21:36:29,722 DEBUG [main] cache:45 - Loading template for "Extent.ftl"("en_US", UTF-8, parsed) from "jar:file:/Users/shris/.m2/repository/com/relevantcodes/extentreports/2.41.2/extentreports-2.41.2.jar!/com/relevantcodes/extentreports/view/Extent.ftl"
2022-01-29 21:36:29,931 DEBUG [main] cache:45 - Couldn't find template in cache for "Extent.ftl"("en_US", UTF-8, parsed); will try to load it.
2022-01-29 21:36:29,932 DEBUG [main] cache:45 - TemplateLoader.findTemplateSource("Extent_en_US.ftl"): Not found
2022-01-29 21:36:29,933 DEBUG [main] cache:45 - TemplateLoader.findTemplateSource("Extent_en.ftl"): Not found
2022-01-29 21:36:29,934 DEBUG [main] cache:45 - TemplateLoader.findTemplateSource("Extent.ftl"): Found
2022-01-29 21:36:29,934 DEBUG [main] cache:45 - Loading template for "Extent.ftl"("en_US", UTF-8, parsed) from "jar:file:/Users/shris/.m2/repository/com/relevantcodes/extentreports/2.41.2/extentreports-2.41.2.jar!/com/relevantcodes/extentreports/view/Extent.ftl"
